0 info it worked if it ends with ok
1 verbose cli [ '/home/adam/.nvm/versions/v0.12.0/bin/node',
1 verbose cli   '/home/adam/.nvm/versions/v0.12.0/bin/npm',
1 verbose cli   'install',
1 verbose cli   'mongodb' ]
2 info using npm@2.5.1
3 info using node@v0.12.0
4 warn package.json server-template@1.0.0 No description
5 warn package.json server-template@1.0.0 No repository field.
6 warn package.json server-template@1.0.0 No README data
7 warn package.json express-require-routes@0.0.1 No repository field.
8 silly cache add args [ 'mongodb', null ]
9 verbose cache add spec mongodb
10 silly cache add parsed spec { raw: 'mongodb',
10 silly cache add   scope: null,
10 silly cache add   name: 'mongodb',
10 silly cache add   rawSpec: '',
10 silly cache add   spec: '*',
10 silly cache add   type: 'range' }
11 verbose addNamed mongodb@*
12 silly addNamed semver.valid null
13 silly addNamed semver.validRange *
14 silly addNameRange { name: 'mongodb', range: '*', hasData: false }
15 silly mapToRegistry name mongodb
16 silly mapToRegistry using default registry
17 silly mapToRegistry registry https://registry.npmjs.org/
18 silly mapToRegistry uri https://registry.npmjs.org/mongodb
19 verbose addNameRange registry:https://registry.npmjs.org/mongodb not in flight; fetching
20 verbose request uri https://registry.npmjs.org/mongodb
21 verbose request no auth needed
22 info attempt registry request try #1 at 20:26:54
23 verbose request id 4ae9f6120a633c75
24 http request GET https://registry.npmjs.org/mongodb
25 info retry will retry, error on last attempt: Error: getaddrinfo ENOTFOUND registry.npmjs.org
26 info attempt registry request try #2 at 20:27:04
27 http request GET https://registry.npmjs.org/mongodb
28 info retry will retry, error on last attempt: Error: getaddrinfo ENOTFOUND registry.npmjs.org
29 info attempt registry request try #3 at 20:28:04
30 http request GET https://registry.npmjs.org/mongodb
31 verbose stack Error: getaddrinfo ENOTFOUND registry.npmjs.org
31 verbose stack     at errnoException (dns.js:44:10)
31 verbose stack     at GetAddrInfoReqWrap.onlookup [as oncomplete] (dns.js:94:26)
32 verbose cwd /home/adam/node-www/server-template
33 error Linux 3.13.0-51-generic
34 error argv "/home/adam/.nvm/versions/v0.12.0/bin/node" "/home/adam/.nvm/versions/v0.12.0/bin/npm" "install" "mongodb"
35 error node v0.12.0
36 error npm  v2.5.1
37 error code ENOTFOUND
38 error errno ENOTFOUND
39 error syscall getaddrinfo
40 error network getaddrinfo ENOTFOUND registry.npmjs.org
40 error network This is most likely not a problem with npm itself
40 error network and is related to network connectivity.
40 error network In most cases you are behind a proxy or have bad network settings.
40 error network
40 error network If you are behind a proxy, please make sure that the
40 error network 'proxy' config is set properly.  See: 'npm help config'
41 verbose exit [ 1, true ]
